2016-02-01 09:23:06,988  WARNING -  (data/examples/site/basic-example.xml) Transformation contains warnings!
2016-02-01 09:23:09,216  ERROR -  (data/examples/site/careplan-example.xml) Invalid RDF generated!at line 101 of <>:
Bad syntax (objectList expected) at ^ in:
"...b'r:CodeableConcept.text [ fhir:value "Obesity" ]\n    ];\n<pr1>'^b' a fhir:Practitioner;\n   fhir:Practitioner.id [ fhir:value "'..."
2016-02-01 09:23:10,180  WARNING -  (data/examples/site/composition-example.xml) Transformation contains warnings!
2016-02-01 09:23:11,014  WARNING -  (data/examples/site/dataelement-example.xml) Transformation contains warnings!
2016-02-01 09:23:11,092  WARNING -  (data/examples/site/dataelement-labtestmaster-example.xml) Transformation contains warnings!
2016-02-01 09:23:11,375  ERROR -  (data/examples/site/devicecomponent-example.xml) Invalid RDF generated!at line 73 of <>:
Bad syntax (EOF found when expected verb in property list) at ^ in:
"...b'"Center4MI" ];\n   fhir:Device.model [ fhir:value "2-0-14" ];'^b'\n'"
2016-02-01 09:23:11,776  ERROR -  (data/examples/site/diagnosticorder-example.xml) Invalid RDF generated!at line 204 of <>:
Bad syntax (EOF found when expected verb in property list) at ^ in:
"...b'mple>;\n;\n   fhir:Observation.subject_25 <Patient/example>;\n;'^b'\n'"
2016-02-01 09:23:14,368  ERROR -  (data/examples/site/diagnosticreport-example.xml) Invalid RDF generated!at line 448 of <>:
Bad syntax (objectList expected) at ^ in:
"...b' <Organization/1832473e-2fe0-452d-abe9-3cdb9879522f>;\n;\n<r2>'^b' a fhir:Observation;\n   fhir:Observation.id [ fhir:value "r2'..."
2016-02-01 09:23:14,436  WARNING -  (data/examples/site/documentmanifest-example.xml) Transformation contains warnings!
2016-02-01 09:23:14,635  WARNING -  (data/examples/site/documentreference-example.xml) Transformation contains warnings!
2016-02-01 09:23:15,323  ERROR -  (data/examples/site/goal-example.xml) Invalid RDF generated!at line 11 of <>:
Bad syntax (']' expected) at ^ in:
"...b'his-fhir-server/fhir/> .\n\n[] a fhir:Goal;\n   <> [8\n      <> '^b'[\n            a fhir:CodeableConcept;\n            fhir:Codea'..."
2016-02-01 09:23:15,595  ERROR -  (data/examples/site/healthcareservice-example.xml) Invalid RDF generated!at line 55 of <>:
Bad syntax (expected '.' or '}' or ']' at end of statement) at ^ in:
"...b' fhir:value "instance" ];\n<#DenBurg> fhir:Reference.display '^b'[ fhir:value "Greater Denburg area" ] .\n'"
2016-02-01 09:23:16,617  ERROR -  (data/examples/site/namingsystem-example.xml) Invalid RDF generated!at line 33 of <>:
Bad syntax (']' expected) at ^ in:
"...b'es including CD and CE.  The concepts are managed to avoid "'^b'semantic drift" so the meaning remains constant.  If the con'..."
2016-02-01 09:23:17,288  ERROR -  (data/examples/site/operationoutcome-example.xml) Invalid RDF generated!at line 24 of <>:
Bad syntax (']' expected) at ^ in:
"...b'\n         fhir:CodeableConcept.text [ fhir:value "The code "'^b'W" is not known and not legal in this context" ]\n       ];\n '..."
2016-02-01 09:23:17,702  WARNING -  (data/examples/site/patient-glossy-example.xml) Transformation contains warnings!
2016-02-01 09:23:18,620  ERROR -  (data/examples/site/questionnaire-example.xml) Invalid RDF generated!at line 43 of <>:
Bad syntax (EOF found when expected verb in property list) at ^ in:
"...b'ueSet.description_1 [ fhir:value "Captures simple yes-no" ];'^b'\n'"
2016-02-01 09:23:18,781  ERROR -  (data/examples/site/questionnaireresponse-example.xml) Invalid RDF generated!at line 63 of <>:
Bad syntax (objectList expected) at ^ in:
"...b'];\n   fhir:Patient.gender [ fhir:value "male" ];\n<questauth>'^b' a fhir:Practitioner;\n   fhir:Practitioner.id [ fhir:value "'..."
2016-02-01 09:23:19,453  ERROR -  (data/examples/site/specimen-example.xml) Invalid RDF generated!at line 113 of <>:
Bad syntax (expected '.' or '}' or ']' at end of statement) at ^ in:
"...b';\n       ];\n    ];\n<Patient/example> fhir:Reference.display '^b'[ fhir:value "Peter Patient" ] .\n'"
2016-02-01 09:23:19,795  WARNING -  (data/examples/site/structuredefinition-example.xml) Transformation contains warnings!
2016-02-01 09:23:20,056  WARNING -  (data/examples/site/testscript-example.xml) Transformation contains warnings!
2016-02-01 09:23:20,123  WARNING -  (data/examples/site/valueset-example.xml) Transformation contains warnings!
2016-02-01 09:23:20,536  ERROR -  (data/examples/site/qicore/basic-adverseevent-example.xml) Invalid RDF generated!at line 11 of <>:
Bad syntax (']' expected) at ^ in:
"...b'is-fhir-server/fhir/> .\n\n[] a fhir:Basic;\n   <> [8\n      <> '^b'[\n         a fhir2:Reference;\n         fhir:Reference.refere'..."
2016-02-01 09:23:20,699  ERROR -  (data/examples/site/qicore/communicationrequest-example.xml) Invalid RDF generated!at line 11 of <>:
Bad syntax (Prefix "fhir2:" not bound) at ^ in:
"...b'r/fhir/> .\n\n[] a fhir:CommunicationRequest;\n   <> [\n      a '^b'fhir2:Reference;\n      fhir:Reference.reference <Practitione'..."
2016-02-01 09:23:22,092  ERROR -  (data/examples/site/qicore/diagnosticreport-example.xml) Invalid RDF generated!at line 11 of <>:
Bad syntax (Prefix "fhir2:" not bound) at ^ in:
"...b'erver/fhir/> .\n\n[] a fhir:DiagnosticReport;\n   <> [\n      a '^b'fhir2:Reference;\n      fhir:Reference.reference <Location/ex'..."
2016-02-01 09:23:22,144  ERROR -  (data/examples/site/qicore/encounter-example.xml) Invalid RDF generated!at line 11 of <>:
Bad syntax (']' expected) at ^ in:
"...b'hir-server/fhir/> .\n\n[] a fhir:Encounter;\n   <> [8\n      <> '^b'[\n         a fhir2:Reference;\n         fhir:Reference.refere'..."
2016-02-01 09:23:22,482  ERROR -  (data/examples/site/qicore/goal-example.xml) Invalid RDF generated!at line 11 of <>:
Bad syntax (']' expected) at ^ in:
"...b'his-fhir-server/fhir/> .\n\n[] a fhir:Goal;\n   <> [8\n      <> '^b'[\n            a fhir:CodeableConcept;\n            fhir:Codea'..."
2016-02-01 09:23:23,798  ERROR -  (data/examples/site/qicore/patient-example.xml) Invalid RDF generated!at line 27 of <>:
Bad syntax (']' expected) at ^ in:
"...b'hir:value "2135-2" ];\n          ];\n    ];\n   <> [8\n      <> '^b'[\n            a fhir:string;\n       ];\n      <> [\n          '..."
2016-02-01 09:23:23,882  ERROR -  (data/examples/site/qicore/procedure-example.xml) Invalid RDF generated!at line 11 of <>:
Bad syntax (Prefix "fhir2:" not bound) at ^ in:
"...b'-fhir-server/fhir/> .\n\n[] a fhir:Procedure;\n   <> [\n      a '^b'fhir2:Reference;\n      fhir:Reference.reference <BodySite/ex'..."
2016-02-01 09:23:23,913  ERROR -  (data/examples/site/qicore/procedurerequest-example.xml) Invalid RDF generated!at line 11 of <>:
Bad syntax (Prefix "fhir2:" not bound) at ^ in:
"...b'erver/fhir/> .\n\n[] a fhir:ProcedureRequest;\n   <> [\n      a '^b'fhir2:Reference;\n      fhir:Reference.reference <Practitione'..."
2016-02-01 09:23:24,279  WARNING -  (data/examples/site/sdc/dataelement-sdc-profile-example.xml) Transformation contains warnings!
2016-02-01 09:23:24,590  ERROR -  (data/examples/site/sdc/questionnaire-sdc-profile-example.xml) Invalid RDF generated!at line 51 of <>:
Bad syntax (objectList expected) at ^ in:
"...b' fhir:ValueSet.status_1 [ fhir:value "active" ];\n<d1e639-vs>'^b' a fhir:ValueSet;\n   fhir:ValueSet.id [ fhir:value "d1e639-v'..."
2016-02-01 09:23:24,736  ERROR -  (data/examples/site/sdc/valueset-sdc-profile-example.xml) Invalid RDF generated!at line 34 of <>:
Bad syntax (']' expected) at ^ in:
"...b'r:value "This material contains content from LOINC\xc2\xae (>a hre'^b'f="http://loinc.org"<http://loinc.org>/a<). The LOINC table,'..."
