INFO:root:	fhir-spec.zip skipped name contains a hyphen (-)
INFO:root:	allergyintolerance-example.xml skipped name contains a hyphen (-)
INFO:root:	allergyintolerance-qicore-example.xml skipped name contains a hyphen (-)
INFO:root:	appointment-example.xml skipped name contains a hyphen (-)
INFO:root:	appointmentresponse-example.xml skipped name contains a hyphen (-)
INFO:root:	auditevent-example.xml skipped name contains a hyphen (-)
INFO:root:	basic-example.xml skipped name contains a hyphen (-)
INFO:root:	binary-example.xml skipped name contains a hyphen (-)
INFO:root:	bodysite-example.xml skipped name contains a hyphen (-)
INFO:root:	bundle-example.xml skipped name contains a hyphen (-)
INFO:root:	careplan-example.xml skipped name contains a hyphen (-)
INFO:root:	claim-example.xml skipped name contains a hyphen (-)
INFO:root:	claimresponse-example.xml skipped name contains a hyphen (-)
INFO:root:	clinicalimpression-example.xml skipped name contains a hyphen (-)
INFO:root:	communication-example.xml skipped name contains a hyphen (-)
INFO:root:	communication-qicore-example.xml skipped name contains a hyphen (-)
INFO:root:	communicationrequest-example.xml skipped name contains a hyphen (-)
INFO:root:	communicationrequest-qicore-example.xml skipped name contains a hyphen (-)
INFO:root:	composition-example.xml skipped name contains a hyphen (-)
INFO:root:	conceptmap-example.xml skipped name contains a hyphen (-)
INFO:root:	condition-example.xml skipped name contains a hyphen (-)
INFO:root:	condition-qicore-example.xml skipped name contains a hyphen (-)
INFO:root:	conformance-example.xml skipped name contains a hyphen (-)
INFO:root:	conformance-phr-example.xml skipped name contains a hyphen (-)
INFO:root:	contract-example.xml skipped name contains a hyphen (-)
INFO:root:	contraindication-example.xml skipped name contains a hyphen (-)
INFO:root:	coverage-example.xml skipped name contains a hyphen (-)
INFO:root:	dataelement-example.xml skipped name contains a hyphen (-)
INFO:root:	dataelement-labtestmaster-example.xml skipped name contains a hyphen (-)
INFO:root:	dataelement-sdc-profile-example.xml skipped name contains a hyphen (-)
INFO:root:	device-example.xml skipped name contains a hyphen (-)
INFO:root:	devicecomponent-example.xml skipped name contains a hyphen (-)
INFO:root:	devicemetric-example.xml skipped name contains a hyphen (-)
INFO:root:	deviceuserequest-example.xml skipped name contains a hyphen (-)
INFO:root:	deviceuserequest-qicore-example.xml skipped name contains a hyphen (-)
INFO:root:	deviceusestatement-example.xml skipped name contains a hyphen (-)
INFO:root:	diagnosticorder-example.xml skipped name contains a hyphen (-)
INFO:root:	diagnosticorder-qicore-example.xml skipped name contains a hyphen (-)
INFO:root:	diagnosticreport-example.xml skipped name contains a hyphen (-)
INFO:root:	diagnosticreport-qicore-example.xml skipped name contains a hyphen (-)
INFO:root:	documentmanifest-example.xml skipped name contains a hyphen (-)
INFO:root:	documentreference-example.xml skipped name contains a hyphen (-)
INFO:root:	eligibilityrequest-example.xml skipped name contains a hyphen (-)
INFO:root:	eligibilityresponse-example.xml skipped name contains a hyphen (-)
INFO:root:	encounter-example.xml skipped name contains a hyphen (-)
INFO:root:	encounter-qicore-example.xml skipped name contains a hyphen (-)
INFO:root:	enrollmentrequest-example.xml skipped name contains a hyphen (-)
INFO:root:	enrollmentresponse-example.xml skipped name contains a hyphen (-)
INFO:root:	episodeofcare-example.xml skipped name contains a hyphen (-)
INFO:root:	explanationofbenefit-example.xml skipped name contains a hyphen (-)
INFO:root:	familymemberhistory-example.xml skipped name contains a hyphen (-)
INFO:root:	familymemberhistory-qicore-example.xml skipped name contains a hyphen (-)
INFO:root:	flag-example.xml skipped name contains a hyphen (-)
INFO:root:	flag-qicore-example.xml skipped name contains a hyphen (-)
INFO:root:	goal-example.xml skipped name contains a hyphen (-)
INFO:root:	goal-qicore-example.xml skipped name contains a hyphen (-)
INFO:root:	group-example.xml skipped name contains a hyphen (-)
INFO:root:	healthcareservice-example.xml skipped name contains a hyphen (-)
INFO:root:	imagingobjectselection-example.xml skipped name contains a hyphen (-)
INFO:root:	imagingstudy-example.xml skipped name contains a hyphen (-)
INFO:root:	imagingstudy-qicore-example.xml skipped name contains a hyphen (-)
INFO:root:	immunization-example.xml skipped name contains a hyphen (-)
INFO:root:	immunizationrecommendation-example.xml skipped name contains a hyphen (-)
INFO:root:	list-example.xml skipped name contains a hyphen (-)
INFO:root:	location-example.xml skipped name contains a hyphen (-)
INFO:root:	media-example.xml skipped name contains a hyphen (-)
INFO:root:	medicationdispense-qicore-example.xml skipped name contains a hyphen (-)
INFO:root:	medicationprescription-qicore-example.xml skipped name contains a hyphen (-)
INFO:root:	medicationstatement-qicore-example.xml skipped name contains a hyphen (-)
INFO:root:	messageheader-example.xml skipped name contains a hyphen (-)
INFO:root:	namingsystem-example.xml skipped name contains a hyphen (-)
INFO:root:	observation-example.xml skipped name contains a hyphen (-)
INFO:root:	observation-qicore-example.xml skipped name contains a hyphen (-)
INFO:root:	operationoutcome-example.xml skipped name contains a hyphen (-)
INFO:root:	order-example.xml skipped name contains a hyphen (-)
INFO:root:	orderresponse-example.xml skipped name contains a hyphen (-)
INFO:root:	organization-example.xml skipped name contains a hyphen (-)
INFO:root:	organization-qicore-example.xml skipped name contains a hyphen (-)
INFO:root:	parameters-example.xml skipped name contains a hyphen (-)
INFO:root:	patient-example.xml skipped name contains a hyphen (-)
INFO:root:	patient-glossy-example.xml skipped name contains a hyphen (-)
INFO:root:	patient-qicore-example.xml skipped name contains a hyphen (-)
INFO:root:	paymentnotice-example.xml skipped name contains a hyphen (-)
INFO:root:	paymentreconciliation-example.xml skipped name contains a hyphen (-)
INFO:root:	person-example.xml skipped name contains a hyphen (-)
INFO:root:	practitioner-example.xml skipped name contains a hyphen (-)
INFO:root:	practitioner-qicore-example.xml skipped name contains a hyphen (-)
INFO:root:	procedure-example.xml skipped name contains a hyphen (-)
INFO:root:	procedure-qicore-example.xml skipped name contains a hyphen (-)
INFO:root:	procedurerequest-example.xml skipped name contains a hyphen (-)
INFO:root:	procedurerequest-qicore-example.xml skipped name contains a hyphen (-)
INFO:root:	processrequest-example.xml skipped name contains a hyphen (-)
INFO:root:	processresponse-example.xml skipped name contains a hyphen (-)
INFO:root:	provenance-example.xml skipped name contains a hyphen (-)
INFO:root:	questionnaire-example.xml skipped name contains a hyphen (-)
INFO:root:	questionnaire-sdc-profile-example.xml skipped name contains a hyphen (-)
INFO:root:	questionnaireanswers-example.xml skipped name contains a hyphen (-)
INFO:root:	questionnaireanswers-sdc-profile-example.xml skipped name contains a hyphen (-)
INFO:root:	referralrequest-example.xml skipped name contains a hyphen (-)
INFO:root:	referralrequest-qicore-example.xml skipped name contains a hyphen (-)
INFO:root:	relatedperson-example.xml skipped name contains a hyphen (-)
INFO:root:	riskassessment-example.xml skipped name contains a hyphen (-)
INFO:root:	schedule-example.xml skipped name contains a hyphen (-)
INFO:root:	searchparameter-example.xml skipped name contains a hyphen (-)
INFO:root:	slot-example.xml skipped name contains a hyphen (-)
INFO:root:	specimen-example.xml skipped name contains a hyphen (-)
INFO:root:	specimen-qicore-example.xml skipped name contains a hyphen (-)
INFO:root:	structuredefinition-example.xml skipped name contains a hyphen (-)
INFO:root:	subscription-example.xml skipped name contains a hyphen (-)
INFO:root:	substance-example.xml skipped name contains a hyphen (-)
INFO:root:	valueset-example.xml skipped name contains a hyphen (-)
INFO:root:	visionprescription-example.xml skipped name contains a hyphen (-)
INFO:root:	xds-example.xml skipped name contains a hyphen (-)
INFO:root:Processing data/site/address.profile.json
INFO:root:	adverseevent-qicore-qicore-adverseevent.profile.json skipped name contains a hyphen (-)
INFO:root:Processing data/site/age.profile.json
INFO:root:	allergyintolerance-daf-dafallergyintolerance.profile.json skipped name contains a hyphen (-)
INFO:root:	allergyintolerance-qicore-qicore-allergyintolerance.profile.json skipped name contains a hyphen (-)
INFO:root:Processing data/site/allergyintolerance.profile.json
WARNING:root:	duplicate property recorder - renamed to recorder_1
WARNING:root:	duplicate property reporter - renamed to reporter_1
WARNING:root:	duplicate property reporter - renamed to reporter_2
INFO:root:Processing data/site/appointment.profile.json
WARNING:root:	duplicate property actor - renamed to actor_1
WARNING:root:	duplicate property actor - renamed to actor_2
WARNING:root:	duplicate property actor - renamed to actor_3
WARNING:root:	duplicate property actor - renamed to actor_4
WARNING:root:	duplicate property actor - renamed to actor_5
INFO:root:Processing data/site/appointmentresponse.profile.json
WARNING:root:	duplicate property actor - renamed to actor_1
WARNING:root:	duplicate property actor - renamed to actor_2
WARNING:root:	duplicate property actor - renamed to actor_3
WARNING:root:	duplicate property actor - renamed to actor_4
WARNING:root:	duplicate property actor - renamed to actor_5
INFO:root:Processing data/site/attachment.profile.json
INFO:root:	auditevent-ehrs-rle-ehrauditevent.profile.json skipped name contains a hyphen (-)
INFO:root:Processing data/site/auditevent.profile.json
WARNING:root:	duplicate property reference - renamed to reference_1
WARNING:root:	duplicate property reference - renamed to reference_2
WARNING:root:	duplicate property reference - renamed to reference_3
WARNING:root:	duplicate property reference - renamed to reference_4
INFO:root:Processing data/site/backboneelement.profile.json
INFO:root:Processing data/site/base64binary.profile.json
INFO:root:Processing data/site/basic.profile.json
WARNING:root:	duplicate property author - renamed to author_1
WARNING:root:	duplicate property author - renamed to author_2
INFO:root:Processing data/site/binary.profile.json
INFO:root:	bodysite-qicore-qicore-bodysite.profile.json skipped name contains a hyphen (-)
INFO:root:Processing data/site/bodysite.profile.json
INFO:root:Processing data/site/boolean.profile.json
INFO:root:Processing data/site/bundle.profile.json
INFO:root:	careplan-argonaut-argonaut.profile.json skipped name contains a hyphen (-)
INFO:root:Processing data/site/careplan.profile.json
WARNING:root:	duplicate property author - renamed to author_1
WARNING:root:	duplicate property author - renamed to author_2
WARNING:root:	duplicate property author - renamed to author_3
WARNING:root:	duplicate property member - renamed to member_1
WARNING:root:	duplicate property member - renamed to member_2
WARNING:root:	duplicate property member - renamed to member_3
WARNING:root:	duplicate property reference - renamed to reference_1
WARNING:root:	duplicate property reference - renamed to reference_2
WARNING:root:	duplicate property reference - renamed to reference_3
WARNING:root:	duplicate property reference - renamed to reference_4
WARNING:root:	duplicate property reference - renamed to reference_5
WARNING:root:	duplicate property reference - renamed to reference_6
WARNING:root:	duplicate property reference - renamed to reference_7
WARNING:root:	duplicate property reference - renamed to reference_8
WARNING:root:	duplicate property reference - renamed to reference_9
WARNING:root:	duplicate property reference - renamed to reference_10
WARNING:root:	duplicate property reference - renamed to reference_11
WARNING:root:	duplicate property performer - renamed to performer_1
WARNING:root:	duplicate property performer - renamed to performer_2
WARNING:root:	duplicate property performer - renamed to performer_3
WARNING:root:	duplicate property product - renamed to product_1
INFO:root:	cda-clinicaldocument.profile.json skipped name contains a hyphen (-)
INFO:root:	cda-inFulFillmentOf.profile.json skipped name contains a hyphen (-)
INFO:root:	cda-location.profile.json skipped name contains a hyphen (-)
INFO:root:	cda-organization.profile.json skipped name contains a hyphen (-)
INFO:root:	cda-patient-role.profile.json skipped name contains a hyphen (-)
INFO:root:Processing data/site/claim.profile.json
WARNING:root:	duplicate property prescription - renamed to prescription_1
INFO:root:Processing data/site/claimresponse.profile.json
INFO:root:Processing data/site/clinicalimpression.profile.json
WARNING:root:	duplicate property problem - renamed to problem_1
WARNING:root:	duplicate property item - renamed to item_1
WARNING:root:	duplicate property item - renamed to item_2
WARNING:root:	duplicate property item - renamed to item_3
WARNING:root:	duplicate property plan - renamed to plan_1
WARNING:root:	duplicate property plan - renamed to plan_2
WARNING:root:	duplicate property plan - renamed to plan_3
WARNING:root:	duplicate property plan - renamed to plan_4
WARNING:root:	duplicate property plan - renamed to plan_5
WARNING:root:	duplicate property plan - renamed to plan_6
WARNING:root:	duplicate property plan - renamed to plan_7
WARNING:root:	duplicate property plan - renamed to plan_8
WARNING:root:	duplicate property plan - renamed to plan_9
WARNING:root:	duplicate property plan - renamed to plan_10
WARNING:root:	duplicate property plan - renamed to plan_11
WARNING:root:	duplicate property plan - renamed to plan_12
WARNING:root:	duplicate property action - renamed to action_1
WARNING:root:	duplicate property action - renamed to action_2
WARNING:root:	duplicate property action - renamed to action_3
WARNING:root:	duplicate property action - renamed to action_4
WARNING:root:	duplicate property action - renamed to action_5
WARNING:root:	duplicate property action - renamed to action_6
WARNING:root:	duplicate property action - renamed to action_7
INFO:root:Processing data/site/code.profile.json
INFO:root:Processing data/site/codeableconcept.profile.json
INFO:root:Processing data/site/coding.profile.json
INFO:root:	communication-qicore-qicore-communication.profile.json skipped name contains a hyphen (-)
INFO:root:Processing data/site/communication.profile.json
WARNING:root:	duplicate property sender - renamed to sender_1
WARNING:root:	duplicate property sender - renamed to sender_2
WARNING:root:	duplicate property sender - renamed to sender_3
WARNING:root:	duplicate property sender - renamed to sender_4
WARNING:root:	duplicate property recipient - renamed to recipient_1
WARNING:root:	duplicate property recipient - renamed to recipient_2
WARNING:root:	duplicate property recipient - renamed to recipient_3
WARNING:root:	duplicate property recipient - renamed to recipient_4
INFO:root:	communicationrequest-qicore-qicore-communicationrequest.profile.json skipped name contains a hyphen (-)
INFO:root:Processing data/site/communicationrequest.profile.json
WARNING:root:	duplicate property sender - renamed to sender_1
WARNING:root:	duplicate property sender - renamed to sender_2
WARNING:root:	duplicate property sender - renamed to sender_3
WARNING:root:	duplicate property sender - renamed to sender_4
WARNING:root:	duplicate property recipient - renamed to recipient_1
WARNING:root:	duplicate property recipient - renamed to recipient_2
WARNING:root:	duplicate property recipient - renamed to recipient_3
WARNING:root:	duplicate property recipient - renamed to recipient_4
WARNING:root:	duplicate property requester - renamed to requester_1
WARNING:root:	duplicate property requester - renamed to requester_2
INFO:root:	composition-clindoc-clinicaldocument.profile.json skipped name contains a hyphen (-)
INFO:root:	composition-measurereport-measurereport.profile.json skipped name contains a hyphen (-)
INFO:root:Processing data/site/composition.profile.json
WARNING:root:	duplicate property author - renamed to author_1
WARNING:root:	duplicate property author - renamed to author_2
WARNING:root:	duplicate property author - renamed to author_3
WARNING:root:	duplicate property party - renamed to party_1
WARNING:root:	duplicate property party - renamed to party_2
INFO:root:Processing data/site/conceptmap.profile.json
WARNING:root:	duplicate property sourceReference - renamed to sourceReference_1
WARNING:root:	duplicate property targetReference - renamed to targetReference_1
INFO:root:	cond-uslab-uslabcond.profile.json skipped name contains a hyphen (-)
INFO:root:	cond-uslab-uslabreasonforstudy.profile.json skipped name contains a hyphen (-)
INFO:root:	condition-daf-dafcondition.profile.json skipped name contains a hyphen (-)
INFO:root:	condition-qicore-qicore-condition.profile.json skipped name contains a hyphen (-)
INFO:root:Processing data/site/condition.profile.json
WARNING:root:	duplicate property asserter - renamed to asserter_1
WARNING:root:	duplicate property assessment - renamed to assessment_1
WARNING:root:	duplicate property assessment - renamed to assessment_2
WARNING:root:	duplicate property target - renamed to target_1
WARNING:root:	duplicate property target - renamed to target_2
WARNING:root:	duplicate property target - renamed to target_3
WARNING:root:	duplicate property target - renamed to target_4
WARNING:root:	duplicate property target - renamed to target_1
WARNING:root:	duplicate property target - renamed to target_2
WARNING:root:	duplicate property target - renamed to target_3
WARNING:root:	duplicate property target - renamed to target_4
INFO:root:Processing data/site/conformance.profile.json
INFO:root:	consentdirective-consentdirective.profile.json skipped name contains a hyphen (-)
INFO:root:Processing data/site/contactpoint.profile.json
INFO:root:Processing data/site/contract.profile.json
WARNING:root:	duplicate property entity - renamed to entity_1
WARNING:root:	duplicate property entity - renamed to entity_2
WARNING:root:	duplicate property entity - renamed to entity_3
WARNING:root:	duplicate property entity - renamed to entity_4
WARNING:root:	duplicate property entity - renamed to entity_5
WARNING:root:	duplicate property entity - renamed to entity_6
WARNING:root:	duplicate property entity - renamed to entity_7
WARNING:root:	duplicate property entity - renamed to entity_8
WARNING:root:	duplicate property entity - renamed to entity_9
WARNING:root:	duplicate property party - renamed to party_1
WARNING:root:	duplicate property party - renamed to party_2
WARNING:root:	duplicate property party - renamed to party_3
WARNING:root:	duplicate property entity - renamed to entity_1
WARNING:root:	duplicate property entity - renamed to entity_2
WARNING:root:	duplicate property entity - renamed to entity_3
WARNING:root:	duplicate property entity - renamed to entity_4
WARNING:root:	duplicate property entity - renamed to entity_5
WARNING:root:	duplicate property entity - renamed to entity_6
WARNING:root:	duplicate property entity - renamed to entity_7
WARNING:root:	duplicate property entity - renamed to entity_8
WARNING:root:	duplicate property entity - renamed to entity_9
WARNING:root:	duplicate property bindingReference - renamed to bindingReference_1
WARNING:root:	duplicate property bindingReference - renamed to bindingReference_2
WARNING:root:	duplicate property contentReference - renamed to contentReference_1
WARNING:root:	duplicate property contentReference - renamed to contentReference_2
WARNING:root:	duplicate property contentReference - renamed to contentReference_1
WARNING:root:	duplicate property contentReference - renamed to contentReference_2
INFO:root:Processing data/site/contraindication.profile.json
WARNING:root:	duplicate property author - renamed to author_1
INFO:root:Processing data/site/count.profile.json
INFO:root:Processing data/site/coverage.profile.json
INFO:root:	dataelement-sdc-de-sdcelement.profile.json skipped name contains a hyphen (-)
INFO:root:	dataelement-sdc-sdcelement.profile.json skipped name contains a hyphen (-)
INFO:root:Processing data/site/dataelement.profile.json
INFO:root:Processing data/site/date.profile.json
INFO:root:Processing data/site/datetime.profile.json
INFO:root:Processing data/site/decimal.profile.json
INFO:root:	device-qicore-qicore-device.profile.json skipped name contains a hyphen (-)
INFO:root:Processing data/site/device.profile.json
INFO:root:Processing data/site/devicecomponent.profile.json
INFO:root:Processing data/site/devicemetric.profile.json
INFO:root:	deviceuserequest-qicore-qicore-deviceuserequest.profile.json skipped name contains a hyphen (-)
INFO:root:Processing data/site/deviceuserequest.profile.json
INFO:root:	deviceusestatement-qicore-qicore-deviceusestatement.profile.json skipped name contains a hyphen (-)
INFO:root:Processing data/site/deviceusestatement.profile.json
INFO:root:	diagnosticorder-daf-dafdiagnosticorder.profile.json skipped name contains a hyphen (-)
INFO:root:	diagnosticorder-qicore-qicore-diagnosticorder.profile.json skipped name contains a hyphen (-)
INFO:root:Processing data/site/diagnosticorder.profile.json
WARNING:root:	duplicate property subject - renamed to subject_1
WARNING:root:	duplicate property subject - renamed to subject_2
WARNING:root:	duplicate property subject - renamed to subject_3
WARNING:root:	duplicate property supportingInformation - renamed to supportingInformation_1
WARNING:root:	duplicate property supportingInformation - renamed to supportingInformation_2
WARNING:root:	duplicate property actor - renamed to actor_1
INFO:root:	diagnosticreport-daf-dafdiagnosticreport.profile.json skipped name contains a hyphen (-)
INFO:root:	diagnosticreport-qicore-qicore-diagnosticreport.profile.json skipped name contains a hyphen (-)
INFO:root:Processing data/site/diagnosticreport.profile.json
WARNING:root:	duplicate property subject - renamed to subject_1
WARNING:root:	duplicate property subject - renamed to subject_2
WARNING:root:	duplicate property subject - renamed to subject_3
WARNING:root:	duplicate property performer - renamed to performer_1
INFO:root:Processing data/site/distance.profile.json
INFO:root:	do-uslab-uslabdo.profile.json skipped name contains a hyphen (-)
INFO:root:Processing data/site/documentmanifest.profile.json
WARNING:root:	duplicate property subject - renamed to subject_1
WARNING:root:	duplicate property subject - renamed to subject_2
WARNING:root:	duplicate property subject - renamed to subject_3
WARNING:root:	duplicate property recipient - renamed to recipient_1
WARNING:root:	duplicate property recipient - renamed to recipient_2
WARNING:root:	duplicate property author - renamed to author_1
WARNING:root:	duplicate property author - renamed to author_2
WARNING:root:	duplicate property author - renamed to author_3
WARNING:root:	duplicate property author - renamed to author_4
WARNING:root:	duplicate property pReference - renamed to pReference_1
INFO:root:Processing data/site/documentreference.profile.json
WARNING:root:	duplicate property subject - renamed to subject_1
WARNING:root:	duplicate property subject - renamed to subject_2
WARNING:root:	duplicate property subject - renamed to subject_3
WARNING:root:	duplicate property author - renamed to author_1
WARNING:root:	duplicate property author - renamed to author_2
WARNING:root:	duplicate property author - renamed to author_3
WARNING:root:	duplicate property author - renamed to author_4
WARNING:root:	duplicate property authenticator - renamed to authenticator_1
INFO:root:Processing data/site/domainresource.profile.json
INFO:root:	dr-uslab-uslabdr.profile.json skipped name contains a hyphen (-)
INFO:root:Processing data/site/duration.profile.json
INFO:root:Processing data/site/element.profile.json
INFO:root:	elementdefinition-de-dataelement.profile.json skipped name contains a hyphen (-)
INFO:root:Processing data/site/elementdefinition.profile.json
INFO:root:Processing data/site/eligibilityrequest.profile.json
INFO:root:Processing data/site/eligibilityresponse.profile.json
INFO:root:	encounter-daf-dafencounter.profile.json skipped name contains a hyphen (-)
INFO:root:	encounter-qicore-qicore-encounter.profile.json skipped name contains a hyphen (-)
INFO:root:Processing data/site/encounter.profile.json
WARNING:root:	duplicate property individual - renamed to individual_1
INFO:root:Processing data/site/enrollmentrequest.profile.json
INFO:root:Processing data/site/enrollmentresponse.profile.json
INFO:root:Processing data/site/episodeofcare.profile.json
WARNING:root:	duplicate property member - renamed to member_1
INFO:root:Processing data/site/explanationofbenefit.profile.json
INFO:root:Processing data/site/extension.profile.json
INFO:root:	family-member-history-genetics-familymemberhistory-genetic.profile.json skipped name contains a hyphen (-)
INFO:root:	familymemberhistory-daf-daffamilymemberhistory.profile.json skipped name contains a hyphen (-)
INFO:root:	familymemberhistory-qicore-qicore-familymemberhistory.profile.json skipped name contains a hyphen (-)
INFO:root:Processing data/site/familymemberhistory.profile.json
INFO:root:	flag-qicore-qicore-flag.profile.json skipped name contains a hyphen (-)
INFO:root:Processing data/site/flag.profile.json
WARNING:root:	duplicate property author - renamed to author_1
WARNING:root:	duplicate property author - renamed to author_2
INFO:root:	goal-qicore-qicore-goal.profile.json skipped name contains a hyphen (-)
INFO:root:Processing data/site/goal.profile.json
WARNING:root:	duplicate property author - renamed to author_1
WARNING:root:	duplicate property author - renamed to author_2
WARNING:root:	duplicate property concern - renamed to concern_1
WARNING:root:	duplicate property concern - renamed to concern_2
WARNING:root:	duplicate property concern - renamed to concern_3
WARNING:root:	duplicate property concern - renamed to concern_4
WARNING:root:	duplicate property concern - renamed to concern_5
INFO:root:Processing data/site/group.profile.json
WARNING:root:	duplicate property member - renamed to member_1
WARNING:root:	duplicate property member - renamed to member_2
WARNING:root:	duplicate property member - renamed to member_3
WARNING:root:	duplicate property member - renamed to member_4
INFO:root:Processing data/site/healthcareservice.profile.json
INFO:root:Processing data/site/humanname.profile.json
INFO:root:Processing data/site/id.profile.json
INFO:root:Processing data/site/identifier.profile.json
INFO:root:Processing data/site/imagingobjectselection.profile.json
WARNING:root:	duplicate property author - renamed to author_1
WARNING:root:	duplicate property author - renamed to author_2
WARNING:root:	duplicate property author - renamed to author_3
WARNING:root:	duplicate property author - renamed to author_4
INFO:root:	imagingstudy-qicore-qicore-imagingstudy.profile.json skipped name contains a hyphen (-)
INFO:root:Processing data/site/imagingstudy.profile.json
INFO:root:	immunization-daf-dafimmunization.profile.json skipped name contains a hyphen (-)
INFO:root:	immunization-qicore-qicore-immunization.profile.json skipped name contains a hyphen (-)
INFO:root:Processing data/site/immunization.profile.json
INFO:root:	immunizationrecommendation-qicore-qicore-immunizationrec.profile.json skipped name contains a hyphen (-)
INFO:root:Processing data/site/immunizationrecommendation.profile.json
WARNING:root:	duplicate property supportingPatientInformation - renamed to supportingPatientInformation_1
INFO:root:Processing data/site/instant.profile.json
INFO:root:Processing data/site/integer.profile.json
INFO:root:	lipid-report-cholesterol.profile.json skipped name contains a hyphen (-)
INFO:root:	lipid-report-hdlcholesterol.profile.json skipped name contains a hyphen (-)
INFO:root:	lipid-report-ldlcholesterol.profile.json skipped name contains a hyphen (-)
INFO:root:	lipid-report-lipidprofile.profile.json skipped name contains a hyphen (-)
INFO:root:	lipid-report-triglyceride.profile.json skipped name contains a hyphen (-)
INFO:root:	list-daf-dafallergylist.profile.json skipped name contains a hyphen (-)
INFO:root:	list-daf-dafencounterlist.profile.json skipped name contains a hyphen (-)
INFO:root:	list-daf-dafimmunizationlist.profile.json skipped name contains a hyphen (-)
INFO:root:	list-daf-dafmedicationlist.profile.json skipped name contains a hyphen (-)
INFO:root:	list-daf-dafproblemlist.profile.json skipped name contains a hyphen (-)
INFO:root:	list-daf-dafresultlist.profile.json skipped name contains a hyphen (-)
INFO:root:Processing data/site/list.profile.json
WARNING:root:	duplicate property subject - renamed to subject_1
WARNING:root:	duplicate property subject - renamed to subject_2
WARNING:root:	duplicate property subject - renamed to subject_3
WARNING:root:	duplicate property source - renamed to source_1
WARNING:root:	duplicate property source - renamed to source_2
INFO:root:	location-daf-daflocation.profile.json skipped name contains a hyphen (-)
INFO:root:	location-qicore-qicore-location.profile.json skipped name contains a hyphen (-)
INFO:root:Processing data/site/location.profile.json
INFO:root:Processing data/site/media.profile.json
WARNING:root:	duplicate property subject - renamed to subject_1
WARNING:root:	duplicate property subject - renamed to subject_2
WARNING:root:	duplicate property subject - renamed to subject_3
WARNING:root:	duplicate property subject - renamed to subject_4
INFO:root:	medication-daf-dafmedication.profile.json skipped name contains a hyphen (-)
INFO:root:	medication-qicore-qicore-medication.profile.json skipped name contains a hyphen (-)
INFO:root:Processing data/site/medication.profile.json
WARNING:root:	duplicate property item - renamed to item_1
INFO:root:	medicationadministration-daf-dafmedicationadministration.profile.json skipped name contains a hyphen (-)
INFO:root:	medicationadministration-immunization-immunization.profile.json skipped name contains a hyphen (-)
INFO:root:	medicationadministration-immunization-vaccinationrequest.profile.json skipped name contains a hyphen (-)
INFO:root:	medicationadministration-immunization-vaccine.profile.json skipped name contains a hyphen (-)
INFO:root:	medicationadministration-qicore-qicore-medicationadministration.profile.json skipped name contains a hyphen (-)
INFO:root:Processing data/site/medicationadministration.profile.json
INFO:root:	medicationdispense-daf-dafmedicationdispense.profile.json skipped name contains a hyphen (-)
INFO:root:	medicationdispense-qicore-qicore-medicationdispense.profile.json skipped name contains a hyphen (-)
INFO:root:Processing data/site/medicationdispense.profile.json
WARNING:root:	duplicate property receiver - renamed to receiver_1
INFO:root:	medicationprescription-daf-dafmedicationprescription.profile.json skipped name contains a hyphen (-)
INFO:root:	medicationprescription-qicore-qicore-medicationprescription.profile.json skipped name contains a hyphen (-)
INFO:root:Processing data/site/medicationprescription.profile.json
INFO:root:	medicationstatement-daf-dafmedicationstatement.profile.json skipped name contains a hyphen (-)
INFO:root:	medicationstatement-qicore-qicore-medicationstatement.profile.json skipped name contains a hyphen (-)
INFO:root:Processing data/site/medicationstatement.profile.json
WARNING:root:	duplicate property informationSource - renamed to informationSource_1
WARNING:root:	duplicate property informationSource - renamed to informationSource_2
INFO:root:Processing data/site/messageheader.profile.json
WARNING:root:	duplicate property receiver - renamed to receiver_1
WARNING:root:	duplicate property responsible - renamed to responsible_1
INFO:root:Processing data/site/meta.profile.json
INFO:root:Processing data/site/money.profile.json
INFO:root:Processing data/site/namingsystem.profile.json
INFO:root:Processing data/site/narrative.profile.json
INFO:root:Processing data/site/nutritionorder.profile.json
INFO:root:	obs-uslab-uslabobscode.profile.json skipped name contains a hyphen (-)
INFO:root:	obs-uslab-uslabobsother.profile.json skipped name contains a hyphen (-)
INFO:root:	obs-uslab-uslabobspanel.profile.json skipped name contains a hyphen (-)
INFO:root:	obs-uslab-uslabobsquantity.profile.json skipped name contains a hyphen (-)
INFO:root:	obs-uslab-uslabobsrange.profile.json skipped name contains a hyphen (-)
INFO:root:	obs-uslab-uslabobsratio.profile.json skipped name contains a hyphen (-)
INFO:root:	observation-daf-results-dafresultobscode.profile.json skipped name contains a hyphen (-)
INFO:root:	observation-daf-results-dafresultobsother.profile.json skipped name contains a hyphen (-)
INFO:root:	observation-daf-results-dafresultobspanel.profile.json skipped name contains a hyphen (-)
INFO:root:	observation-daf-results-dafresultobsquantity.profile.json skipped name contains a hyphen (-)
INFO:root:	observation-daf-results-dafresultobsrange.profile.json skipped name contains a hyphen (-)
INFO:root:	observation-daf-results-dafresultobsratio.profile.json skipped name contains a hyphen (-)
INFO:root:	observation-daf-smokingstatus-dafsmokingstatus.profile.json skipped name contains a hyphen (-)
INFO:root:	observation-daf-vitalsigns-dafvitalsigns.profile.json skipped name contains a hyphen (-)
INFO:root:	observation-device-metric-devicemetricobservation.profile.json skipped name contains a hyphen (-)
INFO:root:	observation-genetics-cg-prf-1a-genetics.profile.json skipped name contains a hyphen (-)
INFO:root:	observation-hspc-standardlabobs-quantitative-stdqty.profile.json skipped name contains a hyphen (-)
INFO:root:	observation-hspc-standardlabobs-std.profile.json skipped name contains a hyphen (-)
INFO:root:	observation-qicore-qicore-observation.profile.json skipped name contains a hyphen (-)
INFO:root:Processing data/site/observation.profile.json
WARNING:root:	duplicate property subject - renamed to subject_1
WARNING:root:	duplicate property subject - renamed to subject_2
WARNING:root:	duplicate property subject - renamed to subject_3
WARNING:root:	duplicate property performer - renamed to performer_1
WARNING:root:	duplicate property performer - renamed to performer_2
WARNING:root:	duplicate property performer - renamed to performer_3
WARNING:root:	duplicate property device - renamed to device_1
INFO:root:Processing data/site/oid.profile.json
INFO:root:Processing data/site/operationdefinition.profile.json
INFO:root:Processing data/site/operationoutcome.profile.json
INFO:root:Processing data/site/order.profile.json
WARNING:root:	duplicate property subject - renamed to subject_1
WARNING:root:	duplicate property subject - renamed to subject_2
WARNING:root:	duplicate property subject - renamed to subject_3
WARNING:root:	duplicate property target - renamed to target_1
WARNING:root:	duplicate property target - renamed to target_2
INFO:root:Processing data/site/orderresponse.profile.json
WARNING:root:	duplicate property who - renamed to who_1
WARNING:root:	duplicate property who - renamed to who_2
INFO:root:	org-daf-daforganization.profile.json skipped name contains a hyphen (-)
INFO:root:	org-uslab-uslabcctarget.profile.json skipped name contains a hyphen (-)
INFO:root:	org-uslab-uslaborderfacility.profile.json skipped name contains a hyphen (-)
INFO:root:	org-uslab-uslabperforminglab.profile.json skipped name contains a hyphen (-)
INFO:root:	organization-qicore-qicore-organization.profile.json skipped name contains a hyphen (-)
INFO:root:Processing data/site/organization.profile.json
INFO:root:Processing data/site/parameters.profile.json
INFO:root:	patient-daf-dafpatient.profile.json skipped name contains a hyphen (-)
INFO:root:	patient-qicore-qicore-patient.profile.json skipped name contains a hyphen (-)
INFO:root:	patient-uslab-uslabpatient.profile.json skipped name contains a hyphen (-)
INFO:root:	patient-uslab-uslabphpatient.profile.json skipped name contains a hyphen (-)
INFO:root:Processing data/site/patient.profile.json
WARNING:root:	duplicate property careProvider - renamed to careProvider_1
INFO:root:Processing data/site/paymentnotice.profile.json
INFO:root:Processing data/site/paymentreconciliation.profile.json
INFO:root:Processing data/site/period.profile.json
INFO:root:Processing data/site/person.profile.json
WARNING:root:	duplicate property target - renamed to target_1
WARNING:root:	duplicate property target - renamed to target_2
WARNING:root:	duplicate property target - renamed to target_3
INFO:root:Processing data/site/positiveint.profile.json
INFO:root:	pract-daf-dafpract.profile.json skipped name contains a hyphen (-)
INFO:root:	pract-uslab-uslabphpract.profile.json skipped name contains a hyphen (-)
INFO:root:	pract-uslab-uslabpract.profile.json skipped name contains a hyphen (-)
INFO:root:	practitioner-qicore-qicore-practitioner.profile.json skipped name contains a hyphen (-)
INFO:root:Processing data/site/practitioner.profile.json
INFO:root:	procedure-daf-dafprocedure.profile.json skipped name contains a hyphen (-)
INFO:root:	procedure-qicore-qicore-procedure.profile.json skipped name contains a hyphen (-)
INFO:root:Processing data/site/procedure.profile.json
WARNING:root:	duplicate property person - renamed to person_1
WARNING:root:	duplicate property person - renamed to person_2
WARNING:root:	duplicate property target - renamed to target_1
WARNING:root:	duplicate property target - renamed to target_2
WARNING:root:	duplicate property target - renamed to target_3
WARNING:root:	duplicate property target - renamed to target_4
WARNING:root:	duplicate property target - renamed to target_5
WARNING:root:	duplicate property target - renamed to target_6
WARNING:root:	duplicate property target - renamed to target_7
WARNING:root:	duplicate property target - renamed to target_8
WARNING:root:	duplicate property target - renamed to target_9
WARNING:root:	duplicate property target - renamed to target_10
WARNING:root:	duplicate property target - renamed to target_11
WARNING:root:	duplicate property target - renamed to target_12
WARNING:root:	duplicate property target - renamed to target_13
WARNING:root:	duplicate property used - renamed to used_1
WARNING:root:	duplicate property used - renamed to used_2
INFO:root:	procedurerequest-qicore-qicore-procedurerequest.profile.json skipped name contains a hyphen (-)
INFO:root:Processing data/site/procedurerequest.profile.json
WARNING:root:	duplicate property performer - renamed to performer_1
WARNING:root:	duplicate property performer - renamed to performer_2
WARNING:root:	duplicate property performer - renamed to performer_3
WARNING:root:	duplicate property orderer - renamed to orderer_1
WARNING:root:	duplicate property orderer - renamed to orderer_2
WARNING:root:	duplicate property orderer - renamed to orderer_3
INFO:root:Processing data/site/processrequest.profile.json
INFO:root:Processing data/site/processresponse.profile.json
INFO:root:	provenance-ehrs-rle-ehrprovenance.profile.json skipped name contains a hyphen (-)
INFO:root:	provenance-hspcattribution-hspcattribution.profile.json skipped name contains a hyphen (-)
INFO:root:Processing data/site/provenance.profile.json
WARNING:root:	duplicate property referenceReference - renamed to referenceReference_1
WARNING:root:	duplicate property referenceReference - renamed to referenceReference_2
WARNING:root:	duplicate property referenceReference - renamed to referenceReference_3
INFO:root:Processing data/site/quantity.profile.json
INFO:root:	questionnaire-sdc-structureddatacaptureform.profile.json skipped name contains a hyphen (-)
INFO:root:Processing data/site/questionnaire.profile.json
INFO:root:	questionnaireanswers-sdc-structureddatacaptureanswers.profile.json skipped name contains a hyphen (-)
INFO:root:Processing data/site/questionnaireanswers.profile.json
WARNING:root:	duplicate property author - renamed to author_1
WARNING:root:	duplicate property author - renamed to author_2
WARNING:root:	duplicate property author - renamed to author_3
WARNING:root:	duplicate property source - renamed to source_1
WARNING:root:	duplicate property source - renamed to source_2
ERROR:root:Element group was already defined in data/site/questionnaire.profile.json
INFO:root:Processing data/site/range.profile.json
INFO:root:Processing data/site/ratio.profile.json
INFO:root:Processing data/site/reference.profile.json
INFO:root:	referralrequest-qicore-qicore-referralrequest.profile.json skipped name contains a hyphen (-)
INFO:root:Processing data/site/referralrequest.profile.json
WARNING:root:	duplicate property requester - renamed to requester_1
WARNING:root:	duplicate property requester - renamed to requester_2
WARNING:root:	duplicate property recipient - renamed to recipient_1
INFO:root:	relatedperson-daf-dafrelatedperson.profile.json skipped name contains a hyphen (-)
INFO:root:	relatedperson-qicore-qicore-relatedperson.profile.json skipped name contains a hyphen (-)
INFO:root:Processing data/site/relatedperson.profile.json
INFO:root:Processing data/site/resource.profile.json
INFO:root:Processing data/site/riskassessment.profile.json
WARNING:root:	duplicate property subject - renamed to subject_1
WARNING:root:	duplicate property performer - renamed to performer_1
INFO:root:Processing data/site/sampleddata.profile.json
INFO:root:Processing data/site/schedule.profile.json
INFO:root:Processing data/site/searchparameter.profile.json
INFO:root:Processing data/site/signature.profile.json
WARNING:root:	duplicate property whoReference - renamed to whoReference_1
WARNING:root:	duplicate property whoReference - renamed to whoReference_2
INFO:root:Processing data/site/slot.profile.json
INFO:root:	spec-uslab-uslabspec.profile.json skipped name contains a hyphen (-)
INFO:root:	specimen-qicore-qicore-specimen.profile.json skipped name contains a hyphen (-)
INFO:root:Processing data/site/specimen.profile.json
WARNING:root:	duplicate property subject - renamed to subject_1
WARNING:root:	duplicate property subject - renamed to subject_2
WARNING:root:	duplicate property subject - renamed to subject_3
INFO:root:Processing data/site/string.profile.json
INFO:root:Processing data/site/structuredefinition.profile.json
INFO:root:Processing data/site/subscription.profile.json
INFO:root:	substance-daf-dafsubstance.profile.json skipped name contains a hyphen (-)
INFO:root:	substance-qicore-qicore-substance.profile.json skipped name contains a hyphen (-)
INFO:root:Processing data/site/substance.profile.json
INFO:root:Processing data/site/supply.profile.json
WARNING:root:	duplicate property orderedItem - renamed to orderedItem_1
WARNING:root:	duplicate property orderedItem - renamed to orderedItem_2
WARNING:root:	duplicate property suppliedItem - renamed to suppliedItem_1
WARNING:root:	duplicate property suppliedItem - renamed to suppliedItem_2
INFO:root:Processing data/site/time.profile.json
INFO:root:Processing data/site/timing.profile.json
INFO:root:Processing data/site/unsignedint.profile.json
INFO:root:Processing data/site/uri.profile.json
INFO:root:Processing data/site/uuid.profile.json
INFO:root:	valueset-sdc-de-structureddatacapturevalueset.profile.json skipped name contains a hyphen (-)
INFO:root:	valueset-sdc-structureddatacapturevalueset.profile.json skipped name contains a hyphen (-)
INFO:root:	valueset-shareable-definition.profile.json skipped name contains a hyphen (-)
INFO:root:Processing data/site/valueset.profile.json
INFO:root:Processing data/site/visionprescription.profile.json
INFO:root:	xds-documentmanifest.profile.json skipped name contains a hyphen (-)
INFO:root:	xds-documentreference.profile.json skipped name contains a hyphen (-)
INFO:root:Total=134 Successful=134
